[ 2013-06-19T09:12:35+08:00 ] 127.0.0.1 /
INFO: [ app_begin ] --START--
INFO: Run ReadHtmlCache Behavior [ RunTime:0.002212s ]
INFO: [ app_begin ] --END-- [ RunTime:0.002296s ]
INFO: [ view_parse ] --START--
INFO: Run ParseTemplate Behavior [ RunTime:0.014779s ]
INFO: [ view_parse ] --END-- [ RunTime:0.014862s ]
INFO: [ view_filter ] --START--
INFO: Run ContentReplace Behavior [ RunTime:0.002198s ]
INFO: Run TokenBuild Behavior [ RunTime:0.002347s ]
INFO: Run WriteHtmlCache Behavior [ RunTime:0.002015s ]
INFO: Run ShowRuntime Behavior [ RunTime:0.002049s ]
INFO: [ view_filter ] --END-- [ RunTime:0.008832s ]
INFO: [ view_end ] --START--
INFO: Run ShowPageTrace Behavior [ RunTime:0.002117s ]
INFO: [ view_end ] --END-- [ RunTime:0.002180s ]

[ 2013-06-19T09:12:36+08:00 ] 127.0.0.1 /
INFO: [ app_begin ] --START--
INFO: Run ReadHtmlCache Behavior [ RunTime:0.003806s ]
INFO: [ app_begin ] --END-- [ RunTime:0.003951s ]
INFO: [ view_parse ] --START--
INFO: Run ParseTemplate Behavior [ RunTime:0.006662s ]
INFO: [ view_parse ] --END-- [ RunTime:0.006824s ]
INFO: [ view_filter ] --START--
INFO: Run ContentReplace Behavior [ RunTime:0.003529s ]
INFO: Run TokenBuild Behavior [ RunTime:0.003120s ]
INFO: Run WriteHtmlCache Behavior [ RunTime:0.001881s ]
INFO: Run ShowRuntime Behavior [ RunTime:0.002098s ]
INFO: [ view_filter ] --END-- [ RunTime:0.010815s ]
INFO: [ view_end ] --START--
INFO: Run ShowPageTrace Behavior [ RunTime:0.002097s ]
INFO: [ view_end ] --END-- [ RunTime:0.002148s ]

[ 2013-06-19T09:12:37+08:00 ] 127.0.0.1 /
INFO: [ app_begin ] --START--
INFO: Run ReadHtmlCache Behavior [ RunTime:0.003903s ]
INFO: [ app_begin ] --END-- [ RunTime:0.004060s ]
INFO: [ view_parse ] --START--
INFO: Run ParseTemplate Behavior [ RunTime:0.006353s ]
INFO: [ view_parse ] --END-- [ RunTime:0.006470s ]
INFO: [ view_filter ] --START--
INFO: Run ContentReplace Behavior [ RunTime:0.003549s ]
INFO: Run TokenBuild Behavior [ RunTime:0.003341s ]
INFO: Run WriteHtmlCache Behavior [ RunTime:0.001908s ]
INFO: Run ShowRuntime Behavior [ RunTime:0.002008s ]
INFO: [ view_filter ] --END-- [ RunTime:0.011024s ]
INFO: [ view_end ] --START--
INFO: Run ShowPageTrace Behavior [ RunTime:0.002097s ]
INFO: [ view_end ] --END-- [ RunTime:0.002148s ]

[ 2013-06-19T09:14:26+08:00 ] 127.0.0.1 /
INFO: [ app_begin ] --START--
INFO: Run ReadHtmlCache Behavior [ RunTime:0.002396s ]
INFO: [ app_begin ] --END-- [ RunTime:0.002525s ]
SQL: SHOW COLUMNS FROM `pt_order` [ RunTime:0.003856s ]
NOTIC: [8] Undefined index: cmp E:\xampp\htdocs\7788ysw\Lib\Action\7788ysw\IndexAction.class.php 第 14 行.
SQL: SELECT count(*) AS total FROM `pt_order` WHERE ( o_userId =  AND o_status IN ('confirming','checking','check_fail','check_success','producing','produced','delivery') ) LIMIT 1   [ RunTime:0.000217s ]
ERR: You have an error in your SQL syntax; check the manual that corresponds to your MySQL server version for the right syntax to use near 'AND o_status IN ('confirming','checking','check_fail','check_success','producing' at line 1
 [ SQL语句 ] : SELECT count(*) AS total FROM `pt_order` WHERE ( o_userId =  AND o_status IN ('confirming','checking','check_fail','check_success','producing','produced','delivery') ) LIMIT 1  
SQL: SHOW COLUMNS FROM `view_product` [ RunTime:0.003988s ]
SQL: SELECT * FROM `view_product` WHERE ( p_status = 1 ) ORDER BY p_index  [ RunTime:0.001118s ]
SQL: SHOW COLUMNS FROM `pt_user_maney` [ RunTime:0.003411s ]
NOTIC: [8] Undefined index: cmp E:\xampp\htdocs\7788ysw\Lib\Action\7788ysw\IndexAction.class.php 第 18 行.
SQL: SELECT * FROM `pt_user_maney` WHERE ( user_id =  ) LIMIT 1   [ RunTime:0.000181s ]
ERR: You have an error in your SQL syntax; check the manual that corresponds to your MySQL server version for the right syntax to use near ') LIMIT 1' at line 1
 [ SQL语句 ] : SELECT * FROM `pt_user_maney` WHERE ( user_id =  ) LIMIT 1  
INFO: [ view_template ] --START--
INFO: Run LocationTemplate Behavior [ RunTime:0.002363s ]
INFO: [ view_template ] --END-- [ RunTime:0.002435s ]
INFO: [ view_parse ] --START--
NOTIC: [8] Undefined index: cmp E:\xampp\htdocs\7788ysw\App\Runtime\Cache\7788ysw\444c05b3088f1fb9af8d095b8a2ca7bd.php 第 71 行.
INFO: Run ParseTemplate Behavior [ RunTime:0.017709s ]
INFO: [ view_parse ] --END-- [ RunTime:0.017786s ]
INFO: [ view_filter ] --START--
INFO: Run ContentReplace Behavior [ RunTime:0.001249s ]
INFO: Run TokenBuild Behavior [ RunTime:0.001121s ]
INFO: Run WriteHtmlCache Behavior [ RunTime:0.001028s ]
INFO: Run ShowRuntime Behavior [ RunTime:0.001098s ]
INFO: [ view_filter ] --END-- [ RunTime:0.004639s ]
INFO: [ view_end ] --START--
INFO: Run ShowPageTrace Behavior [ RunTime:0.001333s ]
INFO: [ view_end ] --END-- [ RunTime:0.001403s ]

[ 2013-06-19T09:14:28+08:00 ] 127.0.0.1 /index.php/Solutions/index
INFO: [ route_check ] --START--
INFO: Run CheckRoute Behavior [ RunTime:0.002691s ]
INFO: [ route_check ] --END-- [ RunTime:0.002896s ]
INFO: [ app_begin ] --START--
INFO: Run ReadHtmlCache Behavior [ RunTime:0.002199s ]
INFO: [ app_begin ] --END-- [ RunTime:0.002305s ]
INFO: [ view_template ] --START--
INFO: Run LocationTemplate Behavior [ RunTime:0.002785s ]
INFO: [ view_template ] --END-- [ RunTime:0.002889s ]
INFO: [ view_parse ] --START--
NOTIC: [8] Undefined index: cmp E:\xampp\htdocs\7788ysw\App\Runtime\Cache\7788ysw\430bedc451b79d6affb5f877c560fc08.php 第 163 行.
INFO: Run ParseTemplate Behavior [ RunTime:0.076361s ]
INFO: [ view_parse ] --END-- [ RunTime:0.076448s ]
INFO: [ view_filter ] --START--
INFO: Run ContentReplace Behavior [ RunTime:0.001205s ]
INFO: Run TokenBuild Behavior [ RunTime:0.001214s ]
INFO: Run WriteHtmlCache Behavior [ RunTime:0.001114s ]
INFO: Run ShowRuntime Behavior [ RunTime:0.001557s ]
INFO: [ view_filter ] --END-- [ RunTime:0.005318s ]
INFO: [ view_end ] --START--
INFO: Run ShowPageTrace Behavior [ RunTime:0.001684s ]
INFO: [ view_end ] --END-- [ RunTime:0.001783s ]

[ 2013-06-19T09:14:30+08:00 ] 127.0.0.1 /index.php/Support/question
INFO: [ route_check ] --START--
INFO: Run CheckRoute Behavior [ RunTime:0.002361s ]
INFO: [ route_check ] --END-- [ RunTime:0.002503s ]
INFO: [ app_begin ] --START--
INFO: Run ReadHtmlCache Behavior [ RunTime:0.002032s ]
INFO: [ app_begin ] --END-- [ RunTime:0.002135s ]
INFO: [ view_template ] --START--
INFO: Run LocationTemplate Behavior [ RunTime:0.002701s ]
INFO: [ view_template ] --END-- [ RunTime:0.002804s ]
INFO: [ view_parse ] --START--
NOTIC: [8] Undefined index: cmp E:\xampp\htdocs\7788ysw\App\Runtime\Cache\7788ysw\2870328782510138c91a01a9b5229a44.php 第 106 行.
INFO: Run ParseTemplate Behavior [ RunTime:0.034739s ]
INFO: [ view_parse ] --END-- [ RunTime:0.034855s ]
INFO: [ view_filter ] --START--
INFO: Run ContentReplace Behavior [ RunTime:0.002055s ]
INFO: Run TokenBuild Behavior [ RunTime:0.002060s ]
INFO: Run WriteHtmlCache Behavior [ RunTime:0.001744s ]
INFO: Run ShowRuntime Behavior [ RunTime:0.002102s ]
INFO: [ view_filter ] --END-- [ RunTime:0.008246s ]
INFO: [ view_end ] --START--
INFO: Run ShowPageTrace Behavior [ RunTime:0.002129s ]
INFO: [ view_end ] --END-- [ RunTime:0.002225s ]

[ 2013-06-19T09:14:32+08:00 ] 127.0.0.1 /index.php/QuotedPrice/index
INFO: [ route_check ] --START--
INFO: Run CheckRoute Behavior [ RunTime:0.002504s ]
INFO: [ route_check ] --END-- [ RunTime:0.002647s ]
INFO: [ app_begin ] --START--
INFO: Run ReadHtmlCache Behavior [ RunTime:0.001380s ]
INFO: [ app_begin ] --END-- [ RunTime:0.001450s ]
SQL: SHOW COLUMNS FROM `view_product` [ RunTime:0.004411s ]
NOTIC: [8] Undefined index: id E:\xampp\htdocs\7788ysw\App\Lib\Action\7788ysw\QuotedPriceAction.class.php 第 12 行.
SQL: SELECT * FROM `view_product` WHERE ( p_status = 1 ) ORDER BY p_index  [ RunTime:0.001254s ]
INFO: [ view_template ] --START--
INFO: Run LocationTemplate Behavior [ RunTime:0.001790s ]
INFO: [ view_template ] --END-- [ RunTime:0.001855s ]
INFO: [ view_parse ] --START--
NOTIC: [8] Undefined index: cmp E:\xampp\htdocs\7788ysw\App\Runtime\Cache\7788ysw\9950baa8538e6f800eb4c099371dcdef.php 第 40 行.
NOTIC: [8] Undefined index: cmp E:\xampp\htdocs\7788ysw\App\Runtime\Cache\7788ysw\9950baa8538e6f800eb4c099371dcdef.php 第 80 行.
NOTIC: [8] Undefined index: id E:\xampp\htdocs\7788ysw\App\Runtime\Cache\7788ysw\9950baa8538e6f800eb4c099371dcdef.php 第 133 行.
NOTIC: [8] Undefined index: cmp E:\xampp\htdocs\7788ysw\App\Runtime\Cache\7788ysw\9950baa8538e6f800eb4c099371dcdef.php 第 272 行.
NOTIC: [8] Undefined index: id E:\xampp\htdocs\7788ysw\App\Runtime\Cache\7788ysw\9950baa8538e6f800eb4c099371dcdef.php 第 487 行.
NOTIC: [8] Undefined index: id E:\xampp\htdocs\7788ysw\App\Runtime\Cache\7788ysw\9950baa8538e6f800eb4c099371dcdef.php 第 487 行.
NOTIC: [8] Undefined index: id E:\xampp\htdocs\7788ysw\App\Runtime\Cache\7788ysw\9950baa8538e6f800eb4c099371dcdef.php 第 487 行.
NOTIC: [8] Undefined index: id E:\xampp\htdocs\7788ysw\App\Runtime\Cache\7788ysw\9950baa8538e6f800eb4c099371dcdef.php 第 487 行.
NOTIC: [8] Undefined index: id E:\xampp\htdocs\7788ysw\App\Runtime\Cache\7788ysw\9950baa8538e6f800eb4c099371dcdef.php 第 487 行.
NOTIC: [8] Undefined index: id E:\xampp\htdocs\7788ysw\App\Runtime\Cache\7788ysw\9950baa8538e6f800eb4c099371dcdef.php 第 487 行.
NOTIC: [8] Undefined index: id E:\xampp\htdocs\7788ysw\App\Runtime\Cache\7788ysw\9950baa8538e6f800eb4c099371dcdef.php 第 502 行.
INFO: Run ParseTemplate Behavior [ RunTime:0.041601s ]
INFO: [ view_parse ] --END-- [ RunTime:0.041661s ]
INFO: [ view_filter ] --START--
INFO: Run ContentReplace Behavior [ RunTime:0.001387s ]
INFO: Run TokenBuild Behavior [ RunTime:0.001190s ]
INFO: Run WriteHtmlCache Behavior [ RunTime:0.000971s ]
INFO: Run ShowRuntime Behavior [ RunTime:0.001073s ]
INFO: [ view_filter ] --END-- [ RunTime:0.004811s ]
INFO: [ view_end ] --START--
INFO: Run ShowPageTrace Behavior [ RunTime:0.001344s ]
INFO: [ view_end ] --END-- [ RunTime:0.001422s ]

[ 2013-06-19T09:14:33+08:00 ] 127.0.0.1 /index.php/Customer/login
INFO: [ route_check ] --START--
INFO: Run CheckRoute Behavior [ RunTime:0.004252s ]
INFO: [ route_check ] --END-- [ RunTime:0.005520s ]
INFO: [ app_begin ] --START--
INFO: Run ReadHtmlCache Behavior [ RunTime:0.003940s ]
INFO: [ app_begin ] --END-- [ RunTime:0.004127s ]
NOTIC: [8] Undefined index: cmp_isrem E:\xampp\htdocs\7788ysw\App\Lib\Action\7788ysw\CustomerAction.class.php 第 4 行.
INFO: [ view_template ] --START--
INFO: Run LocationTemplate Behavior [ RunTime:0.002057s ]
INFO: [ view_template ] --END-- [ RunTime:0.002144s ]
INFO: [ view_parse ] --START--
NOTIC: [8] Undefined index: cmp E:\xampp\htdocs\7788ysw\App\Runtime\Cache\7788ysw\20476544322646624c2fd82bba26bcee.php 第 159 行.
NOTIC: [8] Undefined variable: row E:\xampp\htdocs\7788ysw\App\Runtime\Cache\7788ysw\20476544322646624c2fd82bba26bcee.php 第 375 行.
NOTIC: [8] Undefined variable: row E:\xampp\htdocs\7788ysw\App\Runtime\Cache\7788ysw\20476544322646624c2fd82bba26bcee.php 第 375 行.
NOTIC: [8] Undefined variable: row E:\xampp\htdocs\7788ysw\App\Runtime\Cache\7788ysw\20476544322646624c2fd82bba26bcee.php 第 376 行.
NOTIC: [8] Undefined variable: uid E:\xampp\htdocs\7788ysw\App\Runtime\Cache\7788ysw\20476544322646624c2fd82bba26bcee.php 第 395 行.
NOTIC: [8] Undefined variable: check E:\xampp\htdocs\7788ysw\App\Runtime\Cache\7788ysw\20476544322646624c2fd82bba26bcee.php 第 410 行.
INFO: Run ParseTemplate Behavior [ RunTime:0.027735s ]
INFO: [ view_parse ] --END-- [ RunTime:0.027802s ]
INFO: [ view_filter ] --START--
INFO: Run ContentReplace Behavior [ RunTime:0.001211s ]
INFO: Run TokenBuild Behavior [ RunTime:0.001167s ]
INFO: Run WriteHtmlCache Behavior [ RunTime:0.000926s ]
INFO: Run ShowRuntime Behavior [ RunTime:0.001050s ]
INFO: [ view_filter ] --END-- [ RunTime:0.004511s ]
INFO: [ view_end ] --START--
INFO: Run ShowPageTrace Behavior [ RunTime:0.001316s ]
INFO: [ view_end ] --END-- [ RunTime:0.001384s ]

[ 2013-06-19T09:14:41+08:00 ] 127.0.0.1 /index.php/Index/index
INFO: [ route_check ] --START--
INFO: Run CheckRoute Behavior [ RunTime:0.004060s ]
INFO: [ route_check ] --END-- [ RunTime:0.004251s ]
INFO: [ app_begin ] --START--
INFO: Run ReadHtmlCache Behavior [ RunTime:0.002988s ]
INFO: [ app_begin ] --END-- [ RunTime:0.003135s ]
SQL: SHOW COLUMNS FROM `pt_order` [ RunTime:0.004387s ]
SQL: SELECT count(*) AS total FROM `pt_order` WHERE ( o_userId = 1 AND o_status IN ('confirming','checking','check_fail','check_success','producing','produced','delivery') ) LIMIT 1   [ RunTime:0.000500s ]
SQL: SHOW COLUMNS FROM `view_product` [ RunTime:0.004119s ]
SQL: SELECT * FROM `view_product` WHERE ( p_status = 1 ) ORDER BY p_index  [ RunTime:0.001119s ]
SQL: SHOW COLUMNS FROM `pt_user_maney` [ RunTime:0.003510s ]
SQL: SELECT * FROM `pt_user_maney` WHERE ( user_id = 1 ) LIMIT 1   [ RunTime:0.000370s ]
INFO: [ view_template ] --START--
INFO: Run LocationTemplate Behavior [ RunTime:0.001908s ]
INFO: [ view_template ] --END-- [ RunTime:0.001990s ]
INFO: [ view_parse ] --START--
INFO: Run ParseTemplate Behavior [ RunTime:0.018759s ]
INFO: [ view_parse ] --END-- [ RunTime:0.018834s ]
INFO: [ view_filter ] --START--
INFO: Run ContentReplace Behavior [ RunTime:0.001310s ]
INFO: Run TokenBuild Behavior [ RunTime:0.001022s ]
INFO: Run WriteHtmlCache Behavior [ RunTime:0.000920s ]
INFO: Run ShowRuntime Behavior [ RunTime:0.001055s ]
INFO: [ view_filter ] --END-- [ RunTime:0.004453s ]
INFO: [ view_end ] --START--
INFO: Run ShowPageTrace Behavior [ RunTime:0.001302s ]
INFO: [ view_end ] --END-- [ RunTime:0.001372s ]

[ 2013-06-19T09:14:43+08:00 ] 127.0.0.1 /index.php/Center/Index/index
INFO: [ route_check ] --START--
INFO: Run CheckRoute Behavior [ RunTime:0.001609s ]
INFO: [ route_check ] --END-- [ RunTime:0.001724s ]
INFO: [ app_begin ] --START--
INFO: Run ReadHtmlCache Behavior [ RunTime:0.001648s ]
INFO: [ app_begin ] --END-- [ RunTime:0.001752s ]
SQL: SHOW COLUMNS FROM `pt_order` [ RunTime:0.003828s ]
SQL: SELECT count(*) AS total FROM `pt_order` WHERE ( o_userId = 1 AND o_status IN ('confirming','checking','check_fail','check_success','producing','produced','delivery') ) LIMIT 1   [ RunTime:0.000304s ]
SQL: SHOW COLUMNS FROM `view_product` [ RunTime:0.004226s ]
SQL: SELECT * FROM `view_product` WHERE ( p_status = 1 ) ORDER BY p_index  [ RunTime:0.001127s ]
SQL: SHOW COLUMNS FROM `pt_user_maney` [ RunTime:0.003582s ]
SQL: SELECT * FROM `pt_user_maney` WHERE ( user_id = 1 ) LIMIT 1   [ RunTime:0.000332s ]
INFO: [ view_template ] --START--
INFO: Run LocationTemplate Behavior [ RunTime:0.001800s ]
INFO: [ view_template ] --END-- [ RunTime:0.001867s ]
INFO: [ view_parse ] --START--
INFO: Run ParseTemplate Behavior [ RunTime:0.156330s ]
INFO: [ view_parse ] --END-- [ RunTime:0.156460s ]
INFO: [ view_filter ] --START--
INFO: Run ContentReplace Behavior [ RunTime:0.002603s ]
INFO: Run TokenBuild Behavior [ RunTime:0.002029s ]
INFO: Run WriteHtmlCache Behavior [ RunTime:0.001809s ]
INFO: Run ShowRuntime Behavior [ RunTime:0.002405s ]
INFO: [ view_filter ] --END-- [ RunTime:0.009148s ]
INFO: [ view_end ] --START--
INFO: Run ShowPageTrace Behavior [ RunTime:0.002725s ]
INFO: [ view_end ] --END-- [ RunTime:0.002845s ]

[ 2013-06-19T09:14:44+08:00 ] 127.0.0.1 /index.php/Center/Index/sysHome
INFO: [ route_check ] --START--
INFO: Run CheckRoute Behavior [ RunTime:0.002007s ]
INFO: [ route_check ] --END-- [ RunTime:0.002216s ]
INFO: [ app_begin ] --START--
INFO: Run ReadHtmlCache Behavior [ RunTime:0.002202s ]
INFO: [ app_begin ] --END-- [ RunTime:0.002322s ]
SQL: SELECT count(*) AS zt FROM `view_manager` WHERE ( (u_regDate BETWEEN '2013-06-01' AND '2013-06-30' ) AND g_manager <> 1 ) LIMIT 1   [ RunTime:0.002096s ]
SQL: SHOW COLUMNS FROM `pt_recharge` [ RunTime:0.035990s ]
SQL: SELECT count(*) AS zt FROM `pt_recharge` WHERE ( re_status = 0 ) LIMIT 1   [ RunTime:0.000515s ]
SQL: SHOW COLUMNS FROM `pt_shopcar` [ RunTime:0.015496s ]
SQL: SELECT count(*) as ct FROM `pt_shopcar` WHERE ( user_id = 1 ) LIMIT 1   [ RunTime:0.000343s ]
INFO: [ view_template ] --START--
INFO: Run LocationTemplate Behavior [ RunTime:0.001708s ]
INFO: [ view_template ] --END-- [ RunTime:0.001776s ]
INFO: [ view_parse ] --START--
INFO: Run ParseTemplate Behavior [ RunTime:0.023179s ]
INFO: [ view_parse ] --END-- [ RunTime:0.023262s ]
INFO: [ view_filter ] --START--
INFO: Run ContentReplace Behavior [ RunTime:0.002251s ]
INFO: Run TokenBuild Behavior [ RunTime:0.001445s ]
INFO: Run WriteHtmlCache Behavior [ RunTime:0.001260s ]
INFO: Run ShowRuntime Behavior [ RunTime:0.001262s ]
INFO: [ view_filter ] --END-- [ RunTime:0.006509s ]
INFO: [ view_end ] --START--
INFO: Run ShowPageTrace Behavior [ RunTime:0.001319s ]
INFO: [ view_end ] --END-- [ RunTime:0.001380s ]

[ 2013-06-19T09:14:48+08:00 ] 127.0.0.1 /index.php/7788ysw/Index/index
INFO: [ route_check ] --START--
INFO: Run CheckRoute Behavior [ RunTime:0.002827s ]
INFO: [ route_check ] --END-- [ RunTime:0.003050s ]
INFO: [ app_begin ] --START--
INFO: Run ReadHtmlCache Behavior [ RunTime:0.003885s ]
INFO: [ app_begin ] --END-- [ RunTime:0.004015s ]
SQL: SHOW COLUMNS FROM `pt_order` [ RunTime:0.008892s ]
NOTIC: [8] Undefined index: cmp E:\xampp\htdocs\7788ysw\Lib\Action\7788ysw\IndexAction.class.php 第 14 行.
SQL: SELECT count(*) AS total FROM `pt_order` WHERE ( o_userId =  AND o_status IN ('confirming','checking','check_fail','check_success','producing','produced','delivery') ) LIMIT 1   [ RunTime:0.000495s ]
ERR: You have an error in your SQL syntax; check the manual that corresponds to your MySQL server version for the right syntax to use near 'AND o_status IN ('confirming','checking','check_fail','check_success','producing' at line 1
 [ SQL语句 ] : SELECT count(*) AS total FROM `pt_order` WHERE ( o_userId =  AND o_status IN ('confirming','checking','check_fail','check_success','producing','produced','delivery') ) LIMIT 1  
SQL: SHOW COLUMNS FROM `view_product` [ RunTime:0.009624s ]
SQL: SELECT * FROM `view_product` WHERE ( p_status = 1 ) ORDER BY p_index  [ RunTime:0.002024s ]
SQL: SHOW COLUMNS FROM `pt_user_maney` [ RunTime:0.008899s ]
NOTIC: [8] Undefined index: cmp E:\xampp\htdocs\7788ysw\Lib\Action\7788ysw\IndexAction.class.php 第 18 行.
SQL: SELECT * FROM `pt_user_maney` WHERE ( user_id =  ) LIMIT 1   [ RunTime:0.000454s ]
ERR: You have an error in your SQL syntax; check the manual that corresponds to your MySQL server version for the right syntax to use near ') LIMIT 1' at line 1
 [ SQL语句 ] : SELECT * FROM `pt_user_maney` WHERE ( user_id =  ) LIMIT 1  
INFO: [ view_template ] --START--
INFO: Run LocationTemplate Behavior [ RunTime:0.002711s ]
INFO: [ view_template ] --END-- [ RunTime:0.002848s ]
INFO: [ view_parse ] --START--
NOTIC: [8] Undefined index: cmp E:\xampp\htdocs\7788ysw\App\Runtime\Cache\7788ysw\444c05b3088f1fb9af8d095b8a2ca7bd.php 第 71 行.
INFO: Run ParseTemplate Behavior [ RunTime:0.021786s ]
INFO: [ view_parse ] --END-- [ RunTime:0.021905s ]
INFO: [ view_filter ] --START--
INFO: Run ContentReplace Behavior [ RunTime:0.001356s ]
INFO: Run TokenBuild Behavior [ RunTime:0.001096s ]
INFO: Run WriteHtmlCache Behavior [ RunTime:0.000993s ]
INFO: Run ShowRuntime Behavior [ RunTime:0.001074s ]
INFO: [ view_filter ] --END-- [ RunTime:0.004689s ]
INFO: [ view_end ] --START--
INFO: Run ShowPageTrace Behavior [ RunTime:0.002320s ]
INFO: [ view_end ] --END-- [ RunTime:0.002439s ]

